<?xml version="1.0" encoding="UTF-8"?>
<!-- Generated by org.testng.reporters.JUnitXMLReporter -->
<testsuite ignored="2" hostname="lgvn181413" failures="0" tests="1" name="Default test" time="20.5" errors="0" timestamp="09 Nov 2023 10:36:21 GMT">
  <testcase classname="com.somee.railway.CreateAccount" name="TC_08_User_Cant_Create_Account_With_Empty_PID_And_Password" time="7.014"/>
  <testcase classname="com.somee.railway.CreateAccount" name="User_Cant_Create_Account_With_An_Already_Inuse_Email" time="0.0">
    <ignored/>
  </testcase> <!-- User_Cant_Create_Account_With_An_Already_Inuse_Email -->
  <testcase classname="com.somee.railway.CreateAccount" name="TC_09_User_Create_And_Active_Acconut" time="0.0">
    <ignored/>
  </testcase> <!-- TC_09_User_Create_And_Active_Acconut -->
</testsuite> <!-- Default test -->
