<?xml version="1.0" encoding="UTF-8"?>
<!-- Generated by org.testng.reporters.JUnitXMLReporter -->
<testsuite ignored="0" hostname="lgvn181413" failures="0" tests="5" name="Default test" time="0.042" errors="0" timestamp="18 Oct 2023 09:48:00 GMT">
  <testcase classname="com.jquery.datatable.Level_10_DataTable_DataGrid" name="@BeforeClass beforeClass" time="0.012">
    <failure type="java.lang.RuntimeException" message="Browser name invalid">
      <![CDATA[java.lang.RuntimeException: Browser name invalid
at commons.BaseTest.getBrowserDriver(BaseTest.java:64)
at com.jquery.datatable.Level_10_DataTable_DataGrid.beforeClass(Level_10_DataTable_DataGrid.java:23)
at java.base/jdk.internal.reflect.NativeMethodAccessorImpl.invoke0(Native Method)
at java.base/jdk.internal.reflect.NativeMethodAccessorImpl.invoke(NativeMethodAccessorImpl.java:77)
at java.base/jdk.internal.reflect.DelegatingMethodAccessorImpl.invoke(DelegatingMethodAccessorImpl.java:43)
at java.base/java.lang.reflect.Method.invoke(Method.java:568)
at org.testng.internal.MethodInvocationHelper.invokeMethod(MethodInvocationHelper.java:124)
at org.testng.internal.MethodInvocationHelper.invokeMethodConsideringTimeout(MethodInvocationHelper.java:59)
at org.testng.internal.Invoker.invokeConfigurationMethod(Invoker.java:458)
at org.testng.internal.Invoker.invokeConfigurations(Invoker.java:222)
at org.testng.internal.Invoker.invokeConfigurations(Invoker.java:142)
at org.testng.internal.TestMethodWorker.invokeBeforeClassMethods(TestMethodWorker.java:168)
at org.testng.internal.TestMethodWorker.run(TestMethodWorker.java:105)
at org.testng.TestRunner.privateRun(TestRunner.java:648)
at org.testng.TestRunner.run(TestRunner.java:505)
at org.testng.SuiteRunner.runTest(SuiteRunner.java:455)
at org.testng.SuiteRunner.runSequentially(SuiteRunner.java:450)
at org.testng.SuiteRunner.privateRun(SuiteRunner.java:415)
at org.testng.SuiteRunner.run(SuiteRunner.java:364)
at org.testng.SuiteRunnerWorker.runSuite(SuiteRunnerWorker.java:52)
at org.testng.SuiteRunnerWorker.run(SuiteRunnerWorker.java:84)
at org.testng.TestNG.runSuitesSequentially(TestNG.java:1208)
at org.testng.TestNG.runSuitesLocally(TestNG.java:1137)
at org.testng.TestNG.runSuites(TestNG.java:1049)
at org.testng.TestNG.run(TestNG.java:1017)
at org.testng.remote.AbstractRemoteTestNG.run(AbstractRemoteTestNG.java:115)
at org.testng.remote.RemoteTestNG.initAndRun(RemoteTestNG.java:251)
at org.testng.remote.RemoteTestNG.main(RemoteTestNG.java:77)
]]>
    </failure>
  </testcase> <!-- @BeforeClass beforeClass -->
  <testcase classname="com.jquery.datatable.Level_10_DataTable_DataGrid" name="@AfterClass afterClass" time="0.0">
    <skipped/>
  </testcase> <!-- @AfterClass afterClass -->
  <testcase classname="com.jquery.datatable.Level_10_DataTable_DataGrid" name="Table_01" time="0.0">
    <skipped/>
  </testcase> <!-- Table_01 -->
  <testcase classname="com.jquery.datatable.Level_10_DataTable_DataGrid" name="Table_02_Enter_To_Header" time="0.0">
    <skipped/>
  </testcase> <!-- Table_02_Enter_To_Header -->
  <testcase classname="com.jquery.datatable.Level_10_DataTable_DataGrid" name="Table_03" time="0.0">
    <skipped/>
  </testcase> <!-- Table_03 -->
  <testcase classname="com.jquery.datatable.Level_10_DataTable_DataGrid" name="Table_04" time="0.0">
    <skipped/>
  </testcase> <!-- Table_04 -->
  <testcase classname="com.jquery.datatable.Level_10_DataTable_DataGrid" name="Table_05" time="0.0">
    <skipped/>
  </testcase> <!-- Table_05 -->
</testsuite> <!-- Default test -->
