<?xml version="1.0" encoding="UTF-8"?>
<!-- Generated by org.testng.reporters.JUnitXMLReporter -->
<testsuite ignored="0" hostname="LAPTOP-DUVPB633" failures="0" tests="6" name="Run on Firefox" time="17.223" errors="0" timestamp="26 Aug 2023 18:47:34 GMT">
  <testcase classname="com.nopcommere.user.User_01_Register_Login" name="TC_01_Register_Empty_Data" time="1.715"/>
  <testcase classname="com.nopcommere.user.User_01_Register_Login" name="TC_02_Register_Invalid_Email" time="2.412"/>
  <testcase classname="com.nopcommere.user.User_01_Register_Login" name="TC_03_Register_Success" time="2.135"/>
  <testcase classname="com.nopcommere.user.User_01_Register_Login" name="TC_04_Register_Existing_Email" time="1.528"/>
  <testcase classname="com.nopcommere.user.User_01_Register_Login" name="TC_05_Password_Less_Than_6_Chars" time="1.367"/>
  <testcase classname="com.nopcommere.user.User_01_Register_Login" name="TC_06_Register_Invalid_Confirm_Password" time="1.758"/>
</testsuite> <!-- Run on Firefox -->
