<?xml version="1.0" encoding="UTF-8"?>
<!-- Generated by org.testng.reporters.JUnitXMLReporter -->
<testsuite ignored="0" hostname="LAPTOP-DUVPB633" failures="0" tests="6" name="Run on Firefox" time="21.7" errors="0" timestamp="03 Sep 2023 11:31:29 GMT">
  <testcase classname="com.nopcommere.user.Level_04_Multi_Browsers" name="Login_01_Empty_Data" time="1.116"/>
  <testcase classname="com.nopcommere.user.Level_04_Multi_Browsers" name="Login_02_Invalid_Email" time="1.361"/>
  <testcase classname="com.nopcommere.user.Level_04_Multi_Browsers" name="Login_03_Email_Not_Found" time="1.711"/>
  <testcase classname="com.nopcommere.user.Level_04_Multi_Browsers" name="Login_04_Existing_Email_Empty_Password" time="1.906"/>
  <testcase classname="com.nopcommere.user.Level_04_Multi_Browsers" name="Login_05_Existing_Email_Wrong_Password" time="1.508"/>
  <testcase classname="com.nopcommere.user.Level_04_Multi_Browsers" name="Login_06_Existing_Email_Correct_Password" time="1.926"/>
</testsuite> <!-- Run on Firefox -->
