<?xml version="1.0" encoding="UTF-8"?>
<!-- Generated by org.testng.reporters.JUnitXMLReporter -->
<testsuite ignored="0" hostname="lgvn181413" failures="0" tests="2" name="Run on Firefox" time="31.02" errors="0" timestamp="19 Oct 2023 11:06:02 GMT">
  <testcase classname="com.jquery.datatable.Level_10_DataTable_DataGrid" name="Table_04_Enter_To_Textbox_At_Any_Row" time="5.462"/>
  <testcase classname="com.jquery.datatable.Level_10_DataTable_DataGrid" name="Table_05" time="0.001"/>
</testsuite> <!-- Run on Firefox -->
