<?xml version="1.0" encoding="UTF-8"?>
<!-- Generated by org.testng.reporters.JUnitXMLReporter -->
<testsuite ignored="0" hostname="lgvn181413" failures="0" tests="6" name="Run on Firefox" time="35.92" errors="0" timestamp="12 Oct 2023 08:00:03 GMT">
  <testcase classname="com.nopcommere.user.Level_08_Switch_Role" name="TC_01_User_To_Admin" time="15.059"/>
  <testcase classname="com.nopcommere.user.Level_08_Switch_Role" name="TC_02_Admin_To_User" time="8.858"/>
  <testcase classname="com.nopcommere.user.Level_08_Switch_Role" name="TC_03_Register_Success" time="0.001"/>
  <testcase classname="com.nopcommere.user.Level_08_Switch_Role" name="TC_04_Register_Existing_Email" time="0.001"/>
  <testcase classname="com.nopcommere.user.Level_08_Switch_Role" name="TC_05_Password_Less_Than_6_Chars" time="0.001"/>
  <testcase classname="com.nopcommere.user.Level_08_Switch_Role" name="TC_06_Register_Invalid_Confirm_Password" time="0.001"/>
</testsuite> <!-- Run on Firefox -->
