<?xml version="1.0" encoding="UTF-8"?>
<testng-results ignored="5" total="6" passed="1" failed="0" skipped="0">
  <reporter-output>
  </reporter-output>
  <suite started-at="2023-11-12T16:08:58Z" name="Default suite" finished-at="2023-11-12T16:09:34Z" duration-ms="36219">
    <groups>
    </groups>
    <test started-at="2023-11-12T16:08:58Z" name="Default test" finished-at="2023-11-12T16:09:34Z" duration-ms="36219">
      <class name="com.somee.railway.Login">
        <test-method is-config="true" signature="beforeClass(java.lang.String, java.lang.String)[pri:0, instance:com.somee.railway.Login@119cbf96]" started-at="2023-11-12T16:08:58Z" name="beforeClass" finished-at="2023-11-12T16:09:30Z" duration-ms="31760" status="PASS">
          <params>
            <param index="0">
              <value>
                <![CDATA[firefox]]>
              </value>
            </param>
            <param index="1">
              <value>
                <![CDATA[http://saferailway.somee.com/Page/HomePage.cshtml]]>
              </value>
            </param>
          </params>
          <reporter-output>
          </reporter-output>
        </test-method> <!-- beforeClass -->
        <test-method signature="TC_01_User_Login_With_Valid_Username_And_Password()[pri:0, instance:com.somee.railway.Login@119cbf96]" started-at="2023-11-12T16:09:30Z" name="TC_01_User_Login_With_Valid_Username_And_Password" finished-at="2023-11-12T16:09:34Z" duration-ms="4445" status="PASS">
          <reporter-output>
          </reporter-output>
        </test-method> <!-- TC_01_User_Login_With_Valid_Username_And_Password -->
        <test-method is-config="true" signature="afterClass()[pri:0, instance:com.somee.railway.Login@119cbf96]" started-at="2023-11-12T16:09:34Z" name="afterClass" finished-at="2023-11-12T16:09:34Z" duration-ms="0" status="PASS">
          <reporter-output>
          </reporter-output>
        </test-method> <!-- afterClass -->
      </class> <!-- com.somee.railway.Login -->
    </test> <!-- Default test -->
  </suite> <!-- Default suite -->
</testng-results>
